CRITICAL - 2020-04-22 13:10:36 --> Call to a member function getJSON() on null
#0 /var/www/docroot/api/system/CodeIgniter.php(910): App\Controllers\Home->index()
#1 /var/www/docroot/api/system/CodeIgniter.php(398): CodeIgniter\CodeIgniter->runController(Object(App\Controllers\Home))
#2 /var/www/docroot/api/system/CodeIgniter.php(306): CodeIgniter\CodeIgniter->handleRequest(NULL, Object(Config\Cache), false)
#3 /var/www/docroot/public/index.php(45): CodeIgniter\CodeIgniter->run()
#4 {main}
CRITICAL - 2020-04-22 13:13:05 --> Call to a member function getJSON() on null
#0 /var/www/docroot/api/system/CodeIgniter.php(910): App\Controllers\Home->index()
#1 /var/www/docroot/api/system/CodeIgniter.php(398): CodeIgniter\CodeIgniter->runController(Object(App\Controllers\Home))
#2 /var/www/docroot/api/system/CodeIgniter.php(306): CodeIgniter\CodeIgniter->handleRequest(NULL, Object(Config\Cache), false)
#3 /var/www/docroot/public/index.php(45): CodeIgniter\CodeIgniter->run()
#4 {main}
CRITICAL - 2020-04-22 13:13:50 --> Call to a member function getJSON() on null
#0 /var/www/docroot/api/system/CodeIgniter.php(910): App\Controllers\Home->index()
#1 /var/www/docroot/api/system/CodeIgniter.php(398): CodeIgniter\CodeIgniter->runController(Object(App\Controllers\Home))
#2 /var/www/docroot/api/system/CodeIgniter.php(306): CodeIgniter\CodeIgniter->handleRequest(NULL, Object(Config\Cache), false)
#3 /var/www/docroot/public/index.php(45): CodeIgniter\CodeIgniter->run()
#4 {main}
CRITICAL - 2020-04-22 13:30:52 --> syntax error, unexpected ':', expecting ')'
#0 /var/www/docroot/api/system/Router/Router.php(192): CodeIgniter\Router\Router->autoRoute('home/soundly')
#1 /var/www/docroot/api/system/CodeIgniter.php(785): CodeIgniter\Router\Router->handle('home/soundly')
#2 /var/www/docroot/api/system/CodeIgniter.php(358): CodeIgniter\CodeIgniter->tryToRouteIt(Object(CodeIgniter\Router\RouteCollection))
#3 /var/www/docroot/api/system/CodeIgniter.php(306): CodeIgniter\CodeIgniter->handleRequest(NULL, Object(Config\Cache), false)
#4 /var/www/docroot/public/index.php(45): CodeIgniter\CodeIgniter->run()
#5 {main}
CRITICAL - 2020-04-22 13:33:37 --> syntax error, unexpected ':', expecting ')'
#0 /var/www/docroot/api/system/Router/Router.php(192): CodeIgniter\Router\Router->autoRoute('home/soundly')
#1 /var/www/docroot/api/system/CodeIgniter.php(785): CodeIgniter\Router\Router->handle('home/soundly')
#2 /var/www/docroot/api/system/CodeIgniter.php(358): CodeIgniter\CodeIgniter->tryToRouteIt(Object(CodeIgniter\Router\RouteCollection))
#3 /var/www/docroot/api/system/CodeIgniter.php(306): CodeIgniter\CodeIgniter->handleRequest(NULL, Object(Config\Cache), false)
#4 /var/www/docroot/public/index.php(45): CodeIgniter\CodeIgniter->run()
#5 {main}
CRITICAL - 2020-04-22 13:35:13 --> syntax error, unexpected ':', expecting ')'
#0 /var/www/docroot/api/system/Router/Router.php(192): CodeIgniter\Router\Router->autoRoute('home/soundly')
#1 /var/www/docroot/api/system/CodeIgniter.php(785): CodeIgniter\Router\Router->handle('home/soundly')
#2 /var/www/docroot/api/system/CodeIgniter.php(358): CodeIgniter\CodeIgniter->tryToRouteIt(Object(CodeIgniter\Router\RouteCollection))
#3 /var/www/docroot/api/system/CodeIgniter.php(306): CodeIgniter\CodeIgniter->handleRequest(NULL, Object(Config\Cache), false)
#4 /var/www/docroot/public/index.php(45): CodeIgniter\CodeIgniter->run()
#5 {main}
CRITICAL - 2020-04-22 13:38:52 --> syntax error, unexpected ':', expecting ')'
#0 /var/www/docroot/api/system/Router/Router.php(192): CodeIgniter\Router\Router->autoRoute('home/soundly')
#1 /var/www/docroot/api/system/CodeIgniter.php(785): CodeIgniter\Router\Router->handle('home/soundly')
#2 /var/www/docroot/api/system/CodeIgniter.php(358): CodeIgniter\CodeIgniter->tryToRouteIt(Object(CodeIgniter\Router\RouteCollection))
#3 /var/www/docroot/api/system/CodeIgniter.php(306): CodeIgniter\CodeIgniter->handleRequest(NULL, Object(Config\Cache), false)
#4 /var/www/docroot/public/index.php(45): CodeIgniter\CodeIgniter->run()
#5 {main}
CRITICAL - 2020-04-22 13:48:58 --> syntax error, unexpected ':', expecting ')'
#0 /var/www/docroot/api/system/Router/Router.php(192): CodeIgniter\Router\Router->autoRoute('home/soundly')
#1 /var/www/docroot/api/system/CodeIgniter.php(785): CodeIgniter\Router\Router->handle('home/soundly')
#2 /var/www/docroot/api/system/CodeIgniter.php(358): CodeIgniter\CodeIgniter->tryToRouteIt(Object(CodeIgniter\Router\RouteCollection))
#3 /var/www/docroot/api/system/CodeIgniter.php(306): CodeIgniter\CodeIgniter->handleRequest(NULL, Object(Config\Cache), false)
#4 /var/www/docroot/public/index.php(45): CodeIgniter\CodeIgniter->run()
#5 {main}
CRITICAL - 2020-04-22 13:49:48 --> syntax error, unexpected ':', expecting ')'
#0 /var/www/docroot/api/system/Router/Router.php(192): CodeIgniter\Router\Router->autoRoute('home/soundly')
#1 /var/www/docroot/api/system/CodeIgniter.php(785): CodeIgniter\Router\Router->handle('home/soundly')
#2 /var/www/docroot/api/system/CodeIgniter.php(358): CodeIgniter\CodeIgniter->tryToRouteIt(Object(CodeIgniter\Router\RouteCollection))
#3 /var/www/docroot/api/system/CodeIgniter.php(306): CodeIgniter\CodeIgniter->handleRequest(NULL, Object(Config\Cache), false)
#4 /var/www/docroot/public/index.php(45): CodeIgniter\CodeIgniter->run()
#5 {main}
CRITICAL - 2020-04-22 13:50:18 --> syntax error, unexpected ':', expecting ')'
#0 /var/www/docroot/api/system/Router/Router.php(192): CodeIgniter\Router\Router->autoRoute('home/soundly')
#1 /var/www/docroot/api/system/CodeIgniter.php(785): CodeIgniter\Router\Router->handle('home/soundly')
#2 /var/www/docroot/api/system/CodeIgniter.php(358): CodeIgniter\CodeIgniter->tryToRouteIt(Object(CodeIgniter\Router\RouteCollection))
#3 /var/www/docroot/api/system/CodeIgniter.php(306): CodeIgniter\CodeIgniter->handleRequest(NULL, Object(Config\Cache), false)
#4 /var/www/docroot/public/index.php(45): CodeIgniter\CodeIgniter->run()
#5 {main}
CRITICAL - 2020-04-22 13:55:41 --> mkdir(): No such file or directory
#0 [internal function]: CodeIgniter\Debug\Exceptions->errorHandler(2, 'mkdir(): No suc...', '/var/www/docroo...', 17, Array)
#1 /var/www/docroot/api/app/Controllers/Home.php(17): mkdir('/var/www/docroo...')
#2 /var/www/docroot/api/system/CodeIgniter.php(910): App\Controllers\Home->index()
#3 /var/www/docroot/api/system/CodeIgniter.php(398): CodeIgniter\CodeIgniter->runController(Object(App\Controllers\Home))
#4 /var/www/docroot/api/system/CodeIgniter.php(306): CodeIgniter\CodeIgniter->handleRequest(NULL, Object(Config\Cache), false)
#5 /var/www/docroot/public/index.php(45): CodeIgniter\CodeIgniter->run()
#6 {main}
CRITICAL - 2020-04-22 13:57:24 --> mkdir(): No such file or directory
#0 [internal function]: CodeIgniter\Debug\Exceptions->errorHandler(2, 'mkdir(): No suc...', '/var/www/docroo...', 17, Array)
#1 /var/www/docroot/api/app/Controllers/Home.php(17): mkdir('/var/www/docroo...')
#2 /var/www/docroot/api/system/CodeIgniter.php(910): App\Controllers\Home->index()
#3 /var/www/docroot/api/system/CodeIgniter.php(398): CodeIgniter\CodeIgniter->runController(Object(App\Controllers\Home))
#4 /var/www/docroot/api/system/CodeIgniter.php(306): CodeIgniter\CodeIgniter->handleRequest(NULL, Object(Config\Cache), false)
#5 /var/www/docroot/public/index.php(45): CodeIgniter\CodeIgniter->run()
#6 {main}
CRITICAL - 2020-04-22 13:58:29 --> file_put_contents() expects at least 2 parameters, 1 given
#0 [internal function]: CodeIgniter\Debug\Exceptions->errorHandler(2, 'file_put_conten...', '/var/www/docroo...', 22, Array)
#1 /var/www/docroot/api/app/Controllers/Home.php(22): file_put_contents('/var/www/docroo...')
#2 /var/www/docroot/api/system/CodeIgniter.php(910): App\Controllers\Home->index()
#3 /var/www/docroot/api/system/CodeIgniter.php(398): CodeIgniter\CodeIgniter->runController(Object(App\Controllers\Home))
#4 /var/www/docroot/api/system/CodeIgniter.php(306): CodeIgniter\CodeIgniter->handleRequest(NULL, Object(Config\Cache), false)
#5 /var/www/docroot/public/index.php(45): CodeIgniter\CodeIgniter->run()
#6 {main}
CRITICAL - 2020-04-22 14:00:15 --> file_put_contents() expects at least 2 parameters, 1 given
#0 [internal function]: CodeIgniter\Debug\Exceptions->errorHandler(2, 'file_put_conten...', '/var/www/docroo...', 21, Array)
#1 /var/www/docroot/api/app/Controllers/Home.php(21): file_put_contents('/var/www/docroo...')
#2 /var/www/docroot/api/system/CodeIgniter.php(910): App\Controllers\Home->index()
#3 /var/www/docroot/api/system/CodeIgniter.php(398): CodeIgniter\CodeIgniter->runController(Object(App\Controllers\Home))
#4 /var/www/docroot/api/system/CodeIgniter.php(306): CodeIgniter\CodeIgniter->handleRequest(NULL, Object(Config\Cache), false)
#5 /var/www/docroot/public/index.php(45): CodeIgniter\CodeIgniter->run()
#6 {main}
CRITICAL - 2020-04-22 14:01:41 --> file_put_contents() expects at least 2 parameters, 1 given
#0 [internal function]: CodeIgniter\Debug\Exceptions->errorHandler(2, 'file_put_conten...', '/var/www/docroo...', 22, Array)
#1 /var/www/docroot/api/app/Controllers/Home.php(22): file_put_contents('/var/www/docroo...')
#2 /var/www/docroot/api/system/CodeIgniter.php(910): App\Controllers\Home->index()
#3 /var/www/docroot/api/system/CodeIgniter.php(398): CodeIgniter\CodeIgniter->runController(Object(App\Controllers\Home))
#4 /var/www/docroot/api/system/CodeIgniter.php(306): CodeIgniter\CodeIgniter->handleRequest(NULL, Object(Config\Cache), false)
#5 /var/www/docroot/public/index.php(45): CodeIgniter\CodeIgniter->run()
#6 {main}
CRITICAL - 2020-04-22 14:01:53 --> file_put_contents() expects at least 2 parameters, 1 given
#0 [internal function]: CodeIgniter\Debug\Exceptions->errorHandler(2, 'file_put_conten...', '/var/www/docroo...', 22, Array)
#1 /var/www/docroot/api/app/Controllers/Home.php(22): file_put_contents('/var/www/docroo...')
#2 /var/www/docroot/api/system/CodeIgniter.php(910): App\Controllers\Home->index()
#3 /var/www/docroot/api/system/CodeIgniter.php(398): CodeIgniter\CodeIgniter->runController(Object(App\Controllers\Home))
#4 /var/www/docroot/api/system/CodeIgniter.php(306): CodeIgniter\CodeIgniter->handleRequest(NULL, Object(Config\Cache), false)
#5 /var/www/docroot/public/index.php(45): CodeIgniter\CodeIgniter->run()
#6 {main}
CRITICAL - 2020-04-22 14:16:43 --> file_put_contents() expects at least 2 parameters, 1 given
#0 [internal function]: CodeIgniter\Debug\Exceptions->errorHandler(2, 'file_put_conten...', '/var/www/docroo...', 20, Array)
#1 /var/www/docroot/api/app/Controllers/Home.php(20): file_put_contents('/var/www/docroo...')
#2 /var/www/docroot/api/system/CodeIgniter.php(910): App\Controllers\Home->index()
#3 /var/www/docroot/api/system/CodeIgniter.php(398): CodeIgniter\CodeIgniter->runController(Object(App\Controllers\Home))
#4 /var/www/docroot/api/system/CodeIgniter.php(306): CodeIgniter\CodeIgniter->handleRequest(NULL, Object(Config\Cache), false)
#5 /var/www/docroot/public/index.php(45): CodeIgniter\CodeIgniter->run()
#6 {main}
CRITICAL - 2020-04-22 14:55:34 --> mkdir(): No such file or directory
#0 [internal function]: CodeIgniter\Debug\Exceptions->errorHandler(2, 'mkdir(): No suc...', '/var/www/docroo...', 44, Array)
#1 /var/www/docroot/api/app/Controllers/Home.php(44): mkdir('/var/www/docroo...')
#2 /var/www/docroot/api/app/Controllers/Home.php(19): App\Controllers\Home->_writeFile('/var/www/docroo...', Array, '5ea0a136cef38')
#3 /var/www/docroot/api/system/CodeIgniter.php(910): App\Controllers\Home->index()
#4 /var/www/docroot/api/system/CodeIgniter.php(398): CodeIgniter\CodeIgniter->runController(Object(App\Controllers\Home))
#5 /var/www/docroot/api/system/CodeIgniter.php(306): CodeIgniter\CodeIgniter->handleRequest(NULL, Object(Config\Cache), false)
#6 /var/www/docroot/public/index.php(45): CodeIgniter\CodeIgniter->run()
#7 {main}
CRITICAL - 2020-04-22 15:24:55 --> opendir() expects parameter 1 to be a valid path, object given
#0 [internal function]: CodeIgniter\Debug\Exceptions->errorHandler(2, 'opendir() expec...', '/var/www/docroo...', 66, Array)
#1 /var/www/docroot/api/app/Controllers/Home.php(66): opendir(Object(Directory))
#2 /var/www/docroot/api/app/Controllers/Home.php(47): App\Controllers\Home->_findFiles(Object(Directory))
#3 /var/www/docroot/api/system/CodeIgniter.php(910): App\Controllers\Home->soundly()
#4 /var/www/docroot/api/system/CodeIgniter.php(398): CodeIgniter\CodeIgniter->runController(Object(App\Controllers\Home))
#5 /var/www/docroot/api/system/CodeIgniter.php(306): CodeIgniter\CodeIgniter->handleRequest(NULL, Object(Config\Cache), false)
#6 /var/www/docroot/public/index.php(45): CodeIgniter\CodeIgniter->run()
#7 {main}
CRITICAL - 2020-04-22 15:26:03 --> file_get_contents(5ea0a1d562b5e.json): failed to open stream: No such file or directory
#0 [internal function]: CodeIgniter\Debug\Exceptions->errorHandler(2, 'file_get_conten...', '/var/www/docroo...', 50, Array)
#1 /var/www/docroot/api/app/Controllers/Home.php(50): file_get_contents('5ea0a1d562b5e.j...')
#2 /var/www/docroot/api/system/CodeIgniter.php(910): App\Controllers\Home->soundly()
#3 /var/www/docroot/api/system/CodeIgniter.php(398): CodeIgniter\CodeIgniter->runController(Object(App\Controllers\Home))
#4 /var/www/docroot/api/system/CodeIgniter.php(306): CodeIgniter\CodeIgniter->handleRequest(NULL, Object(Config\Cache), false)
#5 /var/www/docroot/public/index.php(45): CodeIgniter\CodeIgniter->run()
#6 {main}
CRITICAL - 2020-04-22 15:32:32 --> file_get_contents() expects at least 1 parameter, 0 given
#0 [internal function]: CodeIgniter\Debug\Exceptions->errorHandler(2, 'file_get_conten...', '/var/www/docroo...', 54, Array)
#1 /var/www/docroot/api/app/Controllers/Home.php(54): file_get_contents()
#2 /var/www/docroot/api/system/CodeIgniter.php(910): App\Controllers\Home->soundly()
#3 /var/www/docroot/api/system/CodeIgniter.php(398): CodeIgniter\CodeIgniter->runController(Object(App\Controllers\Home))
#4 /var/www/docroot/api/system/CodeIgniter.php(306): CodeIgniter\CodeIgniter->handleRequest(NULL, Object(Config\Cache), false)
#5 /var/www/docroot/public/index.php(45): CodeIgniter\CodeIgniter->run()
#6 {main}
CRITICAL - 2020-04-22 15:48:17 --> Invalid argument supplied for foreach()
#0 /var/www/docroot/api/app/Views/home.php(9): CodeIgniter\Debug\Exceptions->errorHandler(2, 'Invalid argumen...', '/var/www/docroo...', 9, Array)
#1 /var/www/docroot/api/system/View/View.php(236): include('/var/www/docroo...')
#2 /var/www/docroot/api/system/Common.php(1071): CodeIgniter\View\View->render('home', Array, true)
#3 /var/www/docroot/api/app/Controllers/Home.php(60): view('home', Array)
#4 /var/www/docroot/api/system/CodeIgniter.php(910): App\Controllers\Home->soundly()
#5 /var/www/docroot/api/system/CodeIgniter.php(398): CodeIgniter\CodeIgniter->runController(Object(App\Controllers\Home))
#6 /var/www/docroot/api/system/CodeIgniter.php(306): CodeIgniter\CodeIgniter->handleRequest(NULL, Object(Config\Cache), false)
#7 /var/www/docroot/public/index.php(45): CodeIgniter\CodeIgniter->run()
#8 {main}
CRITICAL - 2020-04-22 23:30:03 --> Illegal string offset 'title'
#0 /var/www/docroot/api/app/Views/home.php(32): CodeIgniter\Debug\Exceptions->errorHandler(2, 'Illegal string ...', '/var/www/docroo...', 32, Array)
#1 /var/www/docroot/api/system/View/View.php(236): include('/var/www/docroo...')
#2 /var/www/docroot/api/system/Common.php(1071): CodeIgniter\View\View->render('home', Array, true)
#3 /var/www/docroot/api/app/Controllers/Home.php(47): view('home', Array)
#4 /var/www/docroot/api/system/CodeIgniter.php(910): App\Controllers\Home->soundly()
#5 /var/www/docroot/api/system/CodeIgniter.php(398): CodeIgniter\CodeIgniter->runController(Object(App\Controllers\Home))
#6 /var/www/docroot/api/system/CodeIgniter.php(306): CodeIgniter\CodeIgniter->handleRequest(NULL, Object(Config\Cache), false)
#7 /var/www/docroot/public/index.php(45): CodeIgniter\CodeIgniter->run()
#8 {main}
CRITICAL - 2020-04-22 23:31:14 --> Illegal string offset 'title'
#0 /var/www/docroot/api/app/Views/home.php(32): CodeIgniter\Debug\Exceptions->errorHandler(2, 'Illegal string ...', '/var/www/docroo...', 32, Array)
#1 /var/www/docroot/api/system/View/View.php(236): include('/var/www/docroo...')
#2 /var/www/docroot/api/system/Common.php(1071): CodeIgniter\View\View->render('home', Array, true)
#3 /var/www/docroot/api/app/Controllers/Home.php(47): view('home', Array)
#4 /var/www/docroot/api/system/CodeIgniter.php(910): App\Controllers\Home->soundly()
#5 /var/www/docroot/api/system/CodeIgniter.php(398): CodeIgniter\CodeIgniter->runController(Object(App\Controllers\Home))
#6 /var/www/docroot/api/system/CodeIgniter.php(306): CodeIgniter\CodeIgniter->handleRequest(NULL, Object(Config\Cache), false)
#7 /var/www/docroot/public/index.php(45): CodeIgniter\CodeIgniter->run()
#8 {main}
